# JRE version: Java(TM) SE Runtime Environment (8.0_72-b15) (build 1.8.0_72-b15)
# Java VM: Java HotSpot(TM) 64-Bit Server VM (25.72-b15 mixed mode windows-amd64 compressed oops)
Heap:
 PSYoungGen      total 142848K, used 40858K [0x000000076b700000, 0x0000000776600000, 0x00000007c0000000)
  eden space 129536K, 21% used [0x000000076b700000,0x000000076d1ecf28,0x0000000773580000)
  from space 13312K, 99% used [0x0000000775900000,0x00000007765f99f0,0x0000000776600000)
  to   space 15872K, 0% used [0x0000000774700000,0x0000000774700000,0x0000000775680000)
 ParOldGen       total 178176K, used 19513K [0x00000006c2400000, 0x00000006cd200000, 0x000000076b700000)
  object space 178176K, 10% used [0x00000006c2400000,0x00000006c370e648,0x00000006cd200000)
 Metaspace       used 54555K, capacity 57586K, committed 57768K, reserved 1099776K
  class space    used 7495K, capacity 8024K, committed 8104K, reserved 1048576K
GC Heap History (10 events):
Event: 3.851 GC heap before
{Heap before GC invocations=6 (full 1):
 PSYoungGen      total 102912K, used 87064K [0x000000076b700000, 0x0000000772700000, 0x00000007c0000000)
  eden space 92672K, 83% used [0x000000076b700000,0x0000000770258c80,0x0000000771180000)
  from space 10240K, 96% used [0x0000000771d00000,0x00000007726ad468,0x0000000772700000)
  to   space 10752K, 0% used [0x0000000771200000,0x0000000771200000,0x0000000771c80000)
 ParOldGen       total 108544K, used 9710K [0x00000006c2400000, 0x00000006c8e00000, 0x000000076b700000)
  object space 108544K, 8% used [0x00000006c2400000,0x00000006c2d7bb48,0x00000006c8e00000)
 Metaspace       used 33676K, capacity 35364K, committed 35496K, reserved 1079296K
  class space    used 4696K, capacity 5012K, committed 5032K, reserved 1048576K
Event: 3.864 GC heap after
Heap after GC invocations=6 (full 1):
 PSYoungGen      total 103936K, used 10740K [0x000000076b700000, 0x0000000775580000, 0x00000007c0000000)
  eden space 93184K, 0% used [0x000000076b700000,0x000000076b700000,0x0000000771200000)
  from space 10752K, 99% used [0x0000000771200000,0x0000000771c7d260,0x0000000771c80000)
  to   space 13824K, 0% used [0x0000000774800000,0x0000000774800000,0x0000000775580000)
 ParOldGen       total 108544K, used 10118K [0x00000006c2400000, 0x00000006c8e00000, 0x000000076b700000)
  object space 108544K, 9% used [0x00000006c2400000,0x00000006c2de19c8,0x00000006c8e00000)
 Metaspace       used 33676K, capacity 35364K, committed 35496K, reserved 1079296K
  class space    used 4696K, capacity 5012K, committed 5032K, reserved 1048576K
}
Event: 3.864 GC heap before
{Heap before GC invocations=7 (full 2):
 PSYoungGen      total 103936K, used 10740K [0x000000076b700000, 0x0000000775580000, 0x00000007c0000000)
  eden space 93184K, 0% used [0x000000076b700000,0x000000076b700000,0x0000000771200000)
  from space 10752K, 99% used [0x0000000771200000,0x0000000771c7d260,0x0000000771c80000)
  to   space 13824K, 0% used [0x0000000774800000,0x0000000774800000,0x0000000775580000)
 ParOldGen       total 108544K, used 10118K [0x00000006c2400000, 0x00000006c8e00000, 0x000000076b700000)
  object space 108544K, 9% used [0x00000006c2400000,0x00000006c2de19c8,0x00000006c8e00000)
 Metaspace       used 33676K, capacity 35364K, committed 35496K, reserved 1079296K
  class space    used 4696K, capacity 5012K, committed 5032K, reserved 1048576K
Event: 3.924 GC heap after
Heap after GC invocations=7 (full 2):
 PSYoungGen      total 103936K, used 0K [0x000000076b700000, 0x0000000775580000, 0x00000007c0000000)
  eden space 93184K, 0% used [0x000000076b700000,0x000000076b700000,0x0000000771200000)
  from space 10752K, 0% used [0x0000000771200000,0x0000000771200000,0x0000000771c80000)
  to   space 13824K, 0% used [0x0000000774800000,0x0000000774800000,0x0000000775580000)
 ParOldGen       total 178176K, used 16248K [0x00000006c2400000, 0x00000006cd200000, 0x000000076b700000)
  object space 178176K, 9% used [0x00000006c2400000,0x00000006c33de378,0x00000006cd200000)
 Metaspace       used 33676K, capacity 35364K, committed 35496K, reserved 1079296K
  class space    used 4696K, capacity 5012K, committed 5032K, reserved 1048576K
}
Event: 43.793 GC heap before
{Heap before GC invocations=8 (full 2):
 PSYoungGen      total 103936K, used 93184K [0x000000076b700000, 0x0000000775580000, 0x00000007c0000000)
  eden space 93184K, 100% used [0x000000076b700000,0x0000000771200000,0x0000000771200000)
  from space 10752K, 0% used [0x0000000771200000,0x0000000771200000,0x0000000771c80000)
  to   space 13824K, 0% used [0x0000000774800000,0x0000000774800000,0x0000000775580000)
 ParOldGen       total 178176K, used 16248K [0x00000006c2400000, 0x00000006cd200000, 0x000000076b700000)
  object space 178176K, 9% used [0x00000006c2400000,0x00000006c33de378,0x00000006cd200000)
 Metaspace       used 42408K, capacity 44308K, committed 44712K, reserved 1087488K
  class space    used 5841K, capacity 6212K, committed 6312K, reserved 1048576K
Event: 43.804 GC heap after
Heap after GC invocations=8 (full 2):
 PSYoungGen      total 132096K, used 9821K [0x000000076b700000, 0x0000000775200000, 0x00000007c0000000)
  eden space 121856K, 0% used [0x000000076b700000,0x000000076b700000,0x0000000772e00000)
  from space 10240K, 95% used [0x0000000774800000,0x0000000775197478,0x0000000775200000)
  to   space 13312K, 0% used [0x0000000773800000,0x0000000773800000,0x0000000774500000)
 ParOldGen       total 178176K, used 16264K [0x00000006c2400000, 0x00000006cd200000, 0x000000076b700000)
  object space 178176K, 9% used [0x00000006c2400000,0x00000006c33e2378,0x00000006cd200000)
 Metaspace       used 42408K, capacity 44308K, committed 44712K, reserved 1087488K
  class space    used 5841K, capacity 6212K, committed 6312K, reserved 1048576K
}
Event: 70.595 GC heap before
{Heap before GC invocations=9 (full 2):
 PSYoungGen      total 132096K, used 131677K [0x000000076b700000, 0x0000000775200000, 0x00000007c0000000)
  eden space 121856K, 100% used [0x000000076b700000,0x0000000772e00000,0x0000000772e00000)
  from space 10240K, 95% used [0x0000000774800000,0x0000000775197478,0x0000000775200000)
  to   space 13312K, 0% used [0x0000000773800000,0x0000000773800000,0x0000000774500000)
 ParOldGen       total 178176K, used 16264K [0x00000006c2400000, 0x00000006cd200000, 0x000000076b700000)
  object space 178176K, 9% used [0x00000006c2400000,0x00000006c33e2378,0x00000006cd200000)
 Metaspace       used 44968K, capacity 47002K, committed 47400K, reserved 1089536K
  class space    used 6229K, capacity 6620K, committed 6696K, reserved 1048576K
Event: 70.602 GC heap after
Heap after GC invocations=9 (full 2):
 PSYoungGen      total 145408K, used 7423K [0x000000076b700000, 0x0000000776600000, 0x00000007c0000000)
  eden space 132096K, 0% used [0x000000076b700000,0x000000076b700000,0x0000000773800000)
  from space 13312K, 55% used [0x0000000773800000,0x0000000773f3fed0,0x0000000774500000)
  to   space 13312K, 0% used [0x0000000775900000,0x0000000775900000,0x0000000776600000)
 ParOldGen       total 178176K, used 16272K [0x00000006c2400000, 0x00000006cd200000, 0x000000076b700000)
  object space 178176K, 9% used [0x00000006c2400000,0x00000006c33e4378,0x00000006cd200000)
 Metaspace       used 44968K, capacity 47002K, committed 47400K, reserved 1089536K
  class space    used 6229K, capacity 6620K, committed 6696K, reserved 1048576K
}
Event: 215.204 GC heap before
{Heap before GC invocations=10 (full 2):
 PSYoungGen      total 145408K, used 139519K [0x000000076b700000, 0x0000000776600000, 0x00000007c0000000)
  eden space 132096K, 100% used [0x000000076b700000,0x0000000773800000,0x0000000773800000)
  from space 13312K, 55% used [0x0000000773800000,0x0000000773f3fed0,0x0000000774500000)
  to   space 13312K, 0% used [0x0000000775900000,0x0000000775900000,0x0000000776600000)
 ParOldGen       total 178176K, used 16272K [0x00000006c2400000, 0x00000006cd200000, 0x000000076b700000)
  object space 178176K, 9% used [0x00000006c2400000,0x00000006c33e4378,0x00000006cd200000)
 Metaspace       used 53148K, capacity 56082K, committed 56232K, reserved 1097728K
  class space    used 7329K, capacity 7838K, committed 7848K, reserved 1048576K
Event: 215.217 GC heap after
Heap after GC invocations=10 (full 2):
 PSYoungGen      total 142848K, used 13286K [0x000000076b700000, 0x0000000776600000, 0x00000007c0000000)
  eden space 129536K, 0% used [0x000000076b700000,0x000000076b700000,0x0000000773580000)
  from space 13312K, 99% used [0x0000000775900000,0x00000007765f99f0,0x0000000776600000)
  to   space 15872K, 0% used [0x0000000774700000,0x0000000774700000,0x0000000775680000)
 ParOldGen       total 178176K, used 19513K [0x00000006c2400000, 0x00000006cd200000, 0x000000076b700000)
  object space 178176K, 10% used [0x00000006c2400000,0x00000006c370e648,0x00000006cd200000)
 Metaspace       used 53148K, capacity 56082K, committed 56232K, reserved 1097728K
  class space    used 7329K, capacity 7838K, committed 7848K, reserved 1048576K
}

